<?xml version="1.0" encoding="UTF-8"?>
<!-- Generated by org.testng.reporters.JUnitReportReporter -->
<testsuite hostname="LIN89000325" failures="0" tests="3" name="MyTestNGPractice.SuiteLevelGroupEx" time="0.004" errors="0" timestamp="2023-10-23T00:42:38 IST" skipped="0">
  <testcase classname="MyTestNGPractice.SuiteLevelGroupEx" name="suite2" time="0.002"/>
  <testcase classname="MyTestNGPractice.SuiteLevelGroupEx" name="suite1" time="0.001"/>
  <testcase classname="MyTestNGPractice.SuiteLevelGroupEx" name="common" time="0.001"/>
</testsuite> <!-- MyTestNGPractice.SuiteLevelGroupEx -->
