<?xml version="1.0" encoding="UTF-8"?>
<!-- Generated by org.testng.reporters.JUnitReportReporter -->
<testsuite hostname="LIN89000325" failures="0" tests="5" name="MyTestNGPractice.PriorityExample" time="0.017" errors="0" timestamp="2023-10-22T20:42:33 IST" skipped="0">
  <testcase classname="MyTestNGPractice.PriorityExample" name="Test_1" time="0.011"/>
  <testcase classname="MyTestNGPractice.PriorityExample" name="Test_5" time="0.001"/>
  <testcase classname="MyTestNGPractice.PriorityExample" name="Test_2" time="0.002"/>
  <testcase classname="MyTestNGPractice.PriorityExample" name="Test_3" time="0.001"/>
  <testcase classname="MyTestNGPractice.PriorityExample" name="Test_4" time="0.002"/>
</testsuite> <!-- MyTestNGPractice.PriorityExample -->
