<?xml version="1.0" encoding="UTF-8"?>
<!-- Generated by org.testng.reporters.JUnitReportReporter -->
<testsuite hostname="LIN89000325" failures="0" tests="1" name="MyTestNGPractice.AnnotationRealExample" time="6.398" errors="0" timestamp="2023-08-28T18:36:49 IST" skipped="0">
  <testcase classname="MyTestNGPractice.AnnotationRealExample" name="assertionMethod" time="6.398"/>
</testsuite> <!-- MyTestNGPractice.AnnotationRealExample -->
