<?xml version="1.0" encoding="UTF-8"?>
<!-- Generated by org.testng.reporters.JUnitReportReporter -->
<testsuite hostname="LIN89000325" failures="0" tests="2" name="MyTestNGPractice.ParametersSimpleLogin" time="4.089" errors="0" timestamp="2023-10-22T20:49:00 IST" skipped="0">
  <testcase classname="MyTestNGPractice.ParametersSimpleLogin" name="validateLogin" time="4.008"/>
  <testcase classname="MyTestNGPractice.ParametersSimpleLogin" name="validateHomePage" time="0.081"/>
</testsuite> <!-- MyTestNGPractice.ParametersSimpleLogin -->
