<?xml version="1.0" encoding="UTF-8"?>
<!-- Generated by org.testng.reporters.JUnitReportReporter -->
<testsuite hostname="LIN89000325" failures="0" tests="1" name="MyTestNGPractice.FirstTestNG" time="25.688" errors="0" timestamp="2023-08-21T17:57:08 IST" skipped="0">
  <testcase classname="MyTestNGPractice.FirstTestNG" name="myTest" time="25.688"/>
</testsuite> <!-- MyTestNGPractice.FirstTestNG -->
