<?xml version="1.0" encoding="UTF-8"?>
<!-- Generated by org.testng.reporters.JUnitReportReporter -->
<testsuite hostname="LIN89000325" failures="0" tests="2" name="MyTestNGPractice.DataProviderReturnTypeEx" time="0.013" errors="0" timestamp="2023-10-24T20:37:37 IST" skipped="0">
  <testcase classname="MyTestNGPractice.DataProviderReturnTypeEx" name="test_IteratorObjectArray" time="0.012"/>
  <testcase classname="MyTestNGPractice.DataProviderReturnTypeEx" name="test_IteratorObjectArray" time="0.001"/>
</testsuite> <!-- MyTestNGPractice.DataProviderReturnTypeEx -->
