<?xml version="1.0" encoding="UTF-8"?>
<!-- Generated by org.testng.reporters.JUnitReportReporter -->
<testsuite hostname="LIN89000325" failures="0" tests="1" name="dataProviderPackage.ExcelDataProvider" time="2.021" errors="0" timestamp="2023-10-29T14:16:16 IST" skipped="0">
  <testcase classname="dataProviderPackage.ExcelDataProvider" name="testDataFromExcel" time="2.021"/>
</testsuite> <!-- dataProviderPackage.ExcelDataProvider -->
