<?xml version="1.0" encoding="UTF-8"?>
<!-- Generated by org.testng.reporters.JUnitReportReporter -->
<testsuite hostname="LIN89000325" failures="0" tests="1" name="dataProviderPackage.DataProviderTestDataClassEx" time="0.015" errors="0" timestamp="2023-10-28T22:45:28 IST" skipped="0">
  <testcase classname="dataProviderPackage.DataProviderTestDataClassEx" name="dataProviderContainer1" time="0.015"/>
</testsuite> <!-- dataProviderPackage.DataProviderTestDataClassEx -->
