<?xml version="1.0" encoding="UTF-8"?>
<!-- Generated by org.testng.reporters.JUnitReportReporter -->
<testsuite hostname="LIN89000325" failures="0" tests="4" name="ignorePackage.IgnoreMethods" time="0.017" errors="0" timestamp="2023-09-09T21:20:38 IST" skipped="3">
  <testcase classname="ignorePackage.IgnoreMethods" name="Test3" time="0.017"/>
  <testcase classname="ignorePackage.IgnoreMethods" name="Test1">
    <skipped/>
  </testcase> <!-- Test1 -->
  <testcase classname="ignorePackage.IgnoreMethods" name="Test2">
    <skipped/>
  </testcase> <!-- Test2 -->
  <testcase classname="ignorePackage.IgnoreMethods" name="Test4">
    <skipped/>
  </testcase> <!-- Test4 -->
</testsuite> <!-- ignorePackage.IgnoreMethods -->
