<?xml version="1.0" encoding="UTF-8"?>
<!-- Generated by org.testng.reporters.JUnitReportReporter -->
<testsuite hostname="LIN89000325" failures="0" tests="6" name="ignorePackage.IgnorePackageExample" time="21.299" errors="0" timestamp="2023-09-09T21:21:48 IST" skipped="1">
  <testcase classname="ignorePackage.IgnorePackageExample" name="selectProduct" time="3.180"/>
  <testcase classname="ignorePackage.IgnorePackageExample" name="continueShopping" time="3.172"/>
  <testcase classname="ignorePackage.IgnorePackageExample" name="validateLogin" time="6.603"/>
  <testcase classname="ignorePackage.IgnorePackageExample" name="validateHomePage" time="3.155"/>
  <testcase classname="ignorePackage.IgnorePackageExample" name="assertCartPage" time="5.189"/>
  <testcase classname="ignorePackage.IgnorePackageExample" name="checkoutProduct">
    <skipped/>
  </testcase> <!-- checkoutProduct -->
</testsuite> <!-- ignorePackage.IgnorePackageExample -->
