<?xml version="1.0" encoding="UTF-8"?>
<!-- Generated by org.testng.reporters.JUnitReportReporter -->
<testsuite hostname="LIN89000325" failures="0" tests="2" name="MyTestNGPractice.DataProviderEx" time="210.237" errors="0" timestamp="2023-10-24T21:06:31 IST" skipped="0">
  <testcase classname="MyTestNGPractice.DataProviderEx" name="loginFunctionalityteratorObject" time="16.306"/>
  <testcase classname="MyTestNGPractice.DataProviderEx" name="loginFunctionalityteratorObject" time="193.931"/>
</testsuite> <!-- MyTestNGPractice.DataProviderEx -->
