<?xml version="1.0" encoding="UTF-8"?>
<!-- Generated by org.testng.reporters.JUnitReportReporter -->
<testsuite hostname="LIN-5CG1346B6N" failures="0" tests="1" name="dataProviderPackage.NewTest" time="0.027" errors="0" timestamp="2023-11-05T00:34:04 IST" skipped="0">
  <testcase classname="dataProviderPackage.NewTest" name="f" time="0.027"/>
</testsuite> <!-- dataProviderPackage.NewTest -->
