<?xml version="1.0" encoding="UTF-8"?>
<!-- Generated by org.testng.reporters.JUnitReportReporter -->
<testsuite hostname="LIN89000325" failures="0" tests="1" name="MyTestNGPractice.MetaGroupingEx" time="0.014" errors="0" timestamp="2023-10-23T19:41:23 IST" skipped="0">
  <testcase classname="MyTestNGPractice.MetaGroupingEx" name="something" time="0.014"/>
</testsuite> <!-- MyTestNGPractice.MetaGroupingEx -->
