<?xml version="1.0" encoding="UTF-8"?>
<!-- Generated by org.testng.reporters.JUnitReportReporter -->
<testsuite hostname="LIN89000325" failures="0" tests="1" name="MyTestNGPractice.AnnotationsSample" time="0.016" errors="0" timestamp="2023-09-08T20:29:28 IST" skipped="0">
  <testcase classname="MyTestNGPractice.AnnotationsSample" name="testMethod" time="0.016"/>
</testsuite> <!-- MyTestNGPractice.AnnotationsSample -->
