<?xml version="1.0" encoding="UTF-8"?>
<!-- Generated by org.testng.reporters.JUnitReportReporter -->
<testsuite hostname="LIN89000325" failures="0" tests="3" name="dataProviderPackage.DataProviderReturnTypeEx" time="0.022" errors="0" timestamp="2023-10-28T22:48:15 IST" skipped="0">
  <testcase classname="dataProviderPackage.DataProviderReturnTypeEx" name="test_MultiObject" time="0.001"/>
  <testcase classname="dataProviderPackage.DataProviderReturnTypeEx" name="test_MultiObject" time="0.020"/>
  <testcase classname="dataProviderPackage.DataProviderReturnTypeEx" name="test_MultiObject" time="0.001"/>
</testsuite> <!-- dataProviderPackage.DataProviderReturnTypeEx -->
