<?xml version="1.0" encoding="UTF-8"?>
<!-- Generated by org.testng.reporters.JUnitReportReporter -->
<testsuite hostname="LIN89000325" failures="0" tests="3" name="dataProviderPackage.SimpleLoginClass" time="45.075" errors="0" timestamp="2023-10-29T19:53:42 IST" skipped="0">
  <testcase classname="dataProviderPackage.SimpleLoginClass" name="validateLogin" time="21.316"/>
  <testcase classname="dataProviderPackage.SimpleLoginClass" name="validateLogin" time="11.912"/>
  <testcase classname="dataProviderPackage.SimpleLoginClass" name="validateLogin" time="11.847"/>
</testsuite> <!-- dataProviderPackage.SimpleLoginClass -->
