<?xml version="1.0" encoding="UTF-8"?>
<!-- Generated by org.testng.reporters.JUnitReportReporter -->
<testsuite hostname="LIN89000325" failures="0" tests="1" name="SeleniumQA.DemoMavenProject.TestNGDemo" time="0.012" errors="0" timestamp="2023-08-20T16:39:37 IST" skipped="0">
  <testcase classname="SeleniumQA.DemoMavenProject.TestNGDemo" name="f" time="0.012"/>
</testsuite> <!-- SeleniumQA.DemoMavenProject.TestNGDemo -->
