<?xml version="1.0" encoding="UTF-8"?>
<!-- Generated by org.testng.reporters.JUnitReportReporter -->
<testsuite hostname="LIN89000325" failures="0" tests="2" name="MyTestNGPractice.DataProviderIndicesEx" time="0.012" errors="0" timestamp="2023-10-24T21:30:37 IST" skipped="0">
  <testcase classname="MyTestNGPractice.DataProviderIndicesEx" name="test_SingleObject" time="0.011"/>
  <testcase classname="MyTestNGPractice.DataProviderIndicesEx" name="test_SingleObject" time="0.001"/>
</testsuite> <!-- MyTestNGPractice.DataProviderIndicesEx -->
